# JRE version: Java(TM) SE Runtime Environment (8.0_131-b11) (build 1.8.0_131-b11)
# Java VM: Java HotSpot(TM) 64-Bit Server VM (25.131-b11 mixed mode linux-amd64 compressed oops)
Heap:
 PSYoungGen      total 134656K, used 8168K [0x00000000eb600000, 0x00000000f4200000, 0x0000000100000000)
  eden space 126464K, 0% used [0x00000000eb600000,0x00000000eb600000,0x00000000f3180000)
  from space 8192K, 99% used [0x00000000f3180000,0x00000000f397a2f8,0x00000000f3980000)
  to   space 7680K, 0% used [0x00000000f3980000,0x00000000f3980000,0x00000000f4100000)
 ParOldGen       total 42496K, used 20974K [0x00000000c2200000, 0x00000000c4b80000, 0x00000000eb600000)
  object space 42496K, 49% used [0x00000000c2200000,0x00000000c367b9e0,0x00000000c4b80000)
 Metaspace       used 20642K, capacity 21226K, committed 21296K, reserved 1069056K
  class space    used 2440K, capacity 2562K, committed 2608K, reserved 1048576K
GC Heap History (10 events):
Event: 1.383 GC heap after
Heap after GC invocations=2 (full 0):
 PSYoungGen      total 34304K, used 2538K [0x00000000eb600000, 0x00000000eda00000, 0x0000000100000000)
  eden space 31744K, 0% used [0x00000000eb600000,0x00000000eb600000,0x00000000ed500000)
  from space 2560K, 99% used [0x00000000ed780000,0x00000000ed9fa9a8,0x00000000eda00000)
  to   space 2560K, 0% used [0x00000000ed500000,0x00000000ed500000,0x00000000ed780000)
 ParOldGen       total 42496K, used 1256K [0x00000000c2200000, 0x00000000c4b80000, 0x00000000eb600000)
  object space 42496K, 2% used [0x00000000c2200000,0x00000000c233a118,0x00000000c4b80000)
 Metaspace       used 8036K, capacity 8168K, committed 8320K, reserved 1056768K
  class space    used 1010K, capacity 1082K, committed 1152K, reserved 1048576K
}
Event: 1.847 GC heap before
{Heap before GC invocations=3 (full 0):
 PSYoungGen      total 34304K, used 34282K [0x00000000eb600000, 0x00000000eda00000, 0x0000000100000000)
  eden space 31744K, 100% used [0x00000000eb600000,0x00000000ed500000,0x00000000ed500000)
  from space 2560K, 99% used [0x00000000ed780000,0x00000000ed9fa9a8,0x00000000eda00000)
  to   space 2560K, 0% used [0x00000000ed500000,0x00000000ed500000,0x00000000ed780000)
 ParOldGen       total 42496K, used 1256K [0x00000000c2200000, 0x00000000c4b80000, 0x00000000eb600000)
  object space 42496K, 2% used [0x00000000c2200000,0x00000000c233a118,0x00000000c4b80000)
 Metaspace       used 11591K, capacity 11716K, committed 12032K, reserved 1060864K
  class space    used 1432K, capacity 1472K, committed 1536K, reserved 1048576K
Event: 1.856 GC heap after
Heap after GC invocations=3 (full 0):
 PSYoungGen      total 34304K, used 2560K [0x00000000eb600000, 0x00000000ef900000, 0x0000000100000000)
  eden space 31744K, 0% used [0x00000000eb600000,0x00000000eb600000,0x00000000ed500000)
  from space 2560K, 100% used [0x00000000ed500000,0x00000000ed780000,0x00000000ed780000)
  to   space 2560K, 0% used [0x00000000ef680000,0x00000000ef680000,0x00000000ef900000)
 ParOldGen       total 42496K, used 3937K [0x00000000c2200000, 0x00000000c4b80000, 0x00000000eb600000)
  object space 42496K, 9% used [0x00000000c2200000,0x00000000c25d8590,0x00000000c4b80000)
 Metaspace       used 11591K, capacity 11716K, committed 12032K, reserved 1060864K
  class space    used 1432K, capacity 1472K, committed 1536K, reserved 1048576K
}
Event: 2.363 GC heap before
{Heap before GC invocations=4 (full 0):
 PSYoungGen      total 34304K, used 34304K [0x00000000eb600000, 0x00000000ef900000, 0x0000000100000000)
  eden space 31744K, 100% used [0x00000000eb600000,0x00000000ed500000,0x00000000ed500000)
  from space 2560K, 100% used [0x00000000ed500000,0x00000000ed780000,0x00000000ed780000)
  to   space 2560K, 0% used [0x00000000ef680000,0x00000000ef680000,0x00000000ef900000)
 ParOldGen       total 42496K, used 3937K [0x00000000c2200000, 0x00000000c4b80000, 0x00000000eb600000)
  object space 42496K, 9% used [0x00000000c2200000,0x00000000c25d8590,0x00000000c4b80000)
 Metaspace       used 13601K, capacity 13804K, committed 14080K, reserved 1060864K
  class space    used 1615K, capacity 1676K, committed 1792K, reserved 1048576K
Event: 2.371 GC heap after
Heap after GC invocations=4 (full 0):
 PSYoungGen      total 66048K, used 2544K [0x00000000eb600000, 0x00000000ef900000, 0x0000000100000000)
  eden space 63488K, 0% used [0x00000000eb600000,0x00000000eb600000,0x00000000ef400000)
  from space 2560K, 99% used [0x00000000ef680000,0x00000000ef8fc010,0x00000000ef900000)
  to   space 2560K, 0% used [0x00000000ef400000,0x00000000ef400000,0x00000000ef680000)
 ParOldGen       total 42496K, used 7054K [0x00000000c2200000, 0x00000000c4b80000, 0x00000000eb600000)
  object space 42496K, 16% used [0x00000000c2200000,0x00000000c28e3a00,0x00000000c4b80000)
 Metaspace       used 13601K, capacity 13804K, committed 14080K, reserved 1060864K
  class space    used 1615K, capacity 1676K, committed 1792K, reserved 1048576K
}
Event: 2.831 GC heap before
{Heap before GC invocations=5 (full 0):
 PSYoungGen      total 66048K, used 66032K [0x00000000eb600000, 0x00000000ef900000, 0x0000000100000000)
  eden space 63488K, 100% used [0x00000000eb600000,0x00000000ef400000,0x00000000ef400000)
  from space 2560K, 99% used [0x00000000ef680000,0x00000000ef8fc010,0x00000000ef900000)
  to   space 2560K, 0% used [0x00000000ef400000,0x00000000ef400000,0x00000000ef680000)
 ParOldGen       total 42496K, used 7054K [0x00000000c2200000, 0x00000000c4b80000, 0x00000000eb600000)
  object space 42496K, 16% used [0x00000000c2200000,0x00000000c28e3a00,0x00000000c4b80000)
 Metaspace       used 13935K, capacity 14168K, committed 14592K, reserved 1062912K
  class space    used 1635K, capacity 1710K, committed 1792K, reserved 1048576K
Event: 2.851 GC heap after
Heap after GC invocations=5 (full 0):
 PSYoungGen      total 66048K, used 2528K [0x00000000eb600000, 0x00000000f4100000, 0x0000000100000000)
  eden space 63488K, 0% used [0x00000000eb600000,0x00000000eb600000,0x00000000ef400000)
  from space 2560K, 98% used [0x00000000ef400000,0x00000000ef678020,0x00000000ef680000)
  to   space 7680K, 0% used [0x00000000f3980000,0x00000000f3980000,0x00000000f4100000)
 ParOldGen       total 42496K, used 10854K [0x00000000c2200000, 0x00000000c4b80000, 0x00000000eb600000)
  object space 42496K, 25% used [0x00000000c2200000,0x00000000c2c99b68,0x00000000c4b80000)
 Metaspace       used 13935K, capacity 14168K, committed 14592K, reserved 1062912K
  class space    used 1635K, capacity 1710K, committed 1792K, reserved 1048576K
}
Event: 3.641 GC heap before
{Heap before GC invocations=6 (full 0):
 PSYoungGen      total 66048K, used 66016K [0x00000000eb600000, 0x00000000f4100000, 0x0000000100000000)
  eden space 63488K, 100% used [0x00000000eb600000,0x00000000ef400000,0x00000000ef400000)
  from space 2560K, 98% used [0x00000000ef400000,0x00000000ef678020,0x00000000ef680000)
  to   space 7680K, 0% used [0x00000000f3980000,0x00000000f3980000,0x00000000f4100000)
 ParOldGen       total 42496K, used 10854K [0x00000000c2200000, 0x00000000c4b80000, 0x00000000eb600000)
  object space 42496K, 25% used [0x00000000c2200000,0x00000000c2c99b68,0x00000000c4b80000)
 Metaspace       used 15102K, capacity 15404K, committed 15744K, reserved 1062912K
  class space    used 1740K, capacity 1797K, committed 1920K, reserved 1048576K
Event: 3.661 GC heap after
Heap after GC invocations=6 (full 0):
 PSYoungGen      total 134144K, used 5912K [0x00000000eb600000, 0x00000000f4200000, 0x0000000100000000)
  eden space 126464K, 0% used [0x00000000eb600000,0x00000000eb600000,0x00000000f3180000)
  from space 7680K, 76% used [0x00000000f3980000,0x00000000f3f46090,0x00000000f4100000)
  to   space 8192K, 0% used [0x00000000f3180000,0x00000000f3180000,0x00000000f3980000)
 ParOldGen       total 42496K, used 10854K [0x00000000c2200000, 0x00000000c4b80000, 0x00000000eb600000)
  object space 42496K, 25% used [0x00000000c2200000,0x00000000c2c99b68,0x00000000c4b80000)
 Metaspace       used 15102K, capacity 15404K, committed 15744K, reserved 1062912K
  class space    used 1740K, capacity 1797K, committed 1920K, reserved 1048576K
}
Event: 4.537 GC heap before
{Heap before GC invocations=7 (full 0):
 PSYoungGen      total 134144K, used 90312K [0x00000000eb600000, 0x00000000f4200000, 0x0000000100000000)
  eden space 126464K, 66% used [0x00000000eb600000,0x00000000f086c020,0x00000000f3180000)
  from space 7680K, 76% used [0x00000000f3980000,0x00000000f3f46090,0x00000000f4100000)
  to   space 8192K, 0% used [0x00000000f3180000,0x00000000f3180000,0x00000000f3980000)
 ParOldGen       total 42496K, used 10854K [0x00000000c2200000, 0x00000000c4b80000, 0x00000000eb600000)
  object space 42496K, 25% used [0x00000000c2200000,0x00000000c2c99b68,0x00000000c4b80000)
 Metaspace       used 20642K, capacity 21226K, committed 21296K, reserved 1069056K
  class space    used 2440K, capacity 2562K, committed 2608K, reserved 1048576K

